 
 1          OPTIONS NONOTES NOSTIMER NOSOURCE NOSYNTAXCHECK;
 72         
 73         /* Libname is a global statement with mylib being libref, and the path needs to be changed before running*/
 74         
 75         libname mylib "/global/home/gbc_everma/gbc/shared/BUS_4022/Datasets/Assignment_2";
 NOTE: Libref MYLIB was successfully assigned as follows: 
       Engine:        V9 
       Physical Name: /global/home/gbc_everma/gbc/shared/BUS_4022/Datasets/Assignment_2
 76         
 77         /* 2.1 Sorting the orion.sales dataset alphabetically by country, and then in descending order by
 78         salary */
 79         
 80         proc sort data=mylib.sales out=OrionSales;
 NOTE: Data file MYLIB.SALES.DATA is in a format that is native to another host, or the file encoding does not match the session 
       encoding. Cross Environment Data Access will be used, which might require additional CPU resources and might reduce 
       performance.
 81             by Country descending Salary;
 82         run;
 
 NOTE: There were 165 observations read from the data set MYLIB.SALES.
 NOTE: The data set WORK.ORIONSALES has 165 observations and 9 variables.
 NOTE: PROCEDURE SORT used (Total process time):
       real time           0.00 seconds
       cpu time            0.01 seconds
       
 
 83         
 84         /*2.2 Using the above sorted file to print results showing only Country, Job_Title,Salary and Last_Name*/
 85         
 86         title "Employees sorted country wise with salary in descending order";
 87         proc print data = OrionSales noobs;
 88             var Country Job_Title Salary Last_Name;
 89         run;
 
 NOTE: There were 165 observations read from the data set WORK.ORIONSALES.
 NOTE: PROCEDURE PRINT used (Total process time):
       real time           0.24 seconds
       cpu time            0.24 seconds
       
 
 90         
 91         
 92         OPTIONS NONOTES NOSTIMER NOSOURCE NOSYNTAXCHECK;
 105        